<?xml version="1.0" encoding="UTF-8"?>
<testsuites name="deno test" tests="2" failures="1" errors="0" time="0.023">
    <testsuite name="./main_test.ts" tests="2" disabled="0" errors="0" failures="1">
        <testcase name="adds" classname="./main_test.ts" time="0.012" line="1" col="6">
        </testcase>
        <testcase name="breaks" classname="./main_test.ts" time="0.000" line="2" col="6">
            <failure message="Uncaught Error: boom">Error: boom
Deno.test(&quot;breaks&quot;, () =&gt; { throw new Error(&quot;boom&quot;); });
                                  ^
    at file:///tmp/tmp.sp2Lc2OJsx/deno/main_test.ts:2:35</failure>
        </testcase>
    </testsuite>
</testsuites>
