<?xml version="1.0" encoding="UTF-8"?>
<testsuites>
  <testsuite name="CalcTest" file="/tmp/tmp.sp2Lc2OJsx/php/tests/CalcTest.php" tests="2" assertions="2" errors="0" failures="1" skipped="0" time="0.002265">
    <testcase name="testAdds" file="/tmp/tmp.sp2Lc2OJsx/php/tests/CalcTest.php" line="4" class="CalcTest" classname="CalcTest" assertions="1" time="0.000337"/>
    <testcase name="testBreaks" file="/tmp/tmp.sp2Lc2OJsx/php/tests/CalcTest.php" line="5" class="CalcTest" classname="CalcTest" assertions="1" time="0.001928">
      <failure type="PHPUnit\Framework\ExpectationFailedException">CalcTest::testBreaks
Failed asserting that 4 is identical to 5.

/tmp/tmp.sp2Lc2OJsx/php/tests/CalcTest.php:5</failure>
    </testcase>
  </testsuite>
</testsuites>
