============================= test session starts ==============================
platform linux -- Python 3.13.13, pytest-9.0.3, pluggy-1.6.0 -- /nix/store/60m4rxhg2fldqaak400c0lry96ijrzqn-python3-3.13.13/bin/python3.13
cachedir: .pytest_cache
rootdir: /tmp/tmp.sp2Lc2OJsx/py
collecting ... collected 2 items

test_sample.py::test_adds PASSED                                         [ 50%]
test_sample.py::test_breaks FAILED                                       [100%]

=================================== FAILURES ===================================
_________________________________ test_breaks __________________________________

    def test_breaks():
>       assert 2 + 2 == 5
E       assert (2 + 2) == 5

test_sample.py:5: AssertionError
=========================== short test summary info ============================
FAILED test_sample.py::test_breaks - assert (2 + 2) == 5
========================= 1 failed, 1 passed in 0.01s ==========================
